<?xml version="1.0" encoding="UTF-8"?>
<testng-results ignored="0" total="1" passed="1" failed="0" skipped="0">
  <reporter-output>
  </reporter-output>
  <suite started-at="2023-09-08T22:14:44 IST" name="Surefire suite" finished-at="2023-09-08T22:14:52 IST" duration-ms="7997">
    <groups>
    </groups>
    <test started-at="2023-09-08T22:14:44 IST" name="Surefire test" finished-at="2023-09-08T22:14:52 IST" duration-ms="7997">
      <class name="Tutorials.NewTest">
        <test-method signature="f()[pri:0, instance:Tutorials.NewTest@2ea227af]" started-at="2023-09-08T22:14:44 IST" name="f" finished-at="2023-09-08T22:14:52 IST" duration-ms="7933" status="PASS">
          <reporter-output>
          </reporter-output>
        </test-method> <!-- f -->
      </class> <!-- Tutorials.NewTest -->
    </test> <!-- Surefire test -->
  </suite> <!-- Surefire suite -->
</testng-results>
